19
45
1
1
1
1
1
1
1
1
1
1
1
1
1
1
1
1
1
1
1
4 0 3 (64.000000 120.000000 0.000000) (64.000000 72.000000 0.000000) (64.000000 72.000000 108.000000) (64.000000 120.000000 108.000000) 
4 1 16 (-8.000000 208.000000 128.000000) (-8.000000 -208.000000 128.000000) (-64.000000 -208.000000 128.000000) (-64.000000 208.000000 128.000000) 
4 1 18 (-8.000000 -224.000000 128.000000) (-8.000000 -256.000000 128.000000) (-64.000000 -256.000000 128.000000) (-64.000000 -224.000000 128.000000) 
4 1 14 (-64.000000 256.000000 128.000000) (-8.000000 256.000000 128.000000) (-8.000000 224.000000 128.000000) (-64.000000 224.000000 128.000000) 
4 1 6 (60.000000 208.000000 128.000000) (60.000000 -208.000000 128.000000) (8.000000 -208.000000 128.000000) (8.000000 208.000000 128.000000) 
4 1 7 (60.000000 -224.000000 128.000000) (60.000000 -256.000000 128.000000) (8.000000 -256.000000 128.000000) (8.000000 -224.000000 128.000000) 
4 1 5 (8.000000 256.000000 128.000000) (60.000000 256.000000 128.000000) (60.000000 224.000000 128.000000) (8.000000 224.000000 128.000000) 
4 1 3 (64.000000 208.000000 128.000000) (64.000000 -208.000000 128.000000) (60.000000 -208.000000 128.000000) (60.000000 208.000000 128.000000) 
4 1 4 (64.000000 -224.000000 128.000000) (64.000000 -256.000000 128.000000) (60.000000 -256.000000 128.000000) (60.000000 -224.000000 128.000000) 
4 1 2 (60.000000 256.000000 128.000000) (64.000000 256.000000 128.000000) (64.000000 224.000000 128.000000) (60.000000 224.000000 128.000000) 
4 2 5 (60.000000 224.000000 128.000000) (60.000000 256.000000 128.000000) (60.000000 256.000000 124.000000) (60.000000 224.000000 124.000000) 
4 2 8 (60.000000 256.000000 124.000000) (60.000000 256.000000 -0.000000) (60.000000 224.000000 0.000000) (60.000000 224.000000 124.000000) 
4 3 6 (60.000000 -208.000000 128.000000) (60.000000 208.000000 128.000000) (60.000000 208.000000 124.000000) (60.000000 -208.000000 124.000000) 
4 3 8 (60.000000 208.000000 124.000000) (60.000000 208.000000 0.000000) (60.000000 -208.000000 0.000000) (60.000000 -208.000000 124.000000) 
4 4 7 (60.000000 -256.000000 124.000000) (60.000000 -256.000000 128.000000) (60.000000 -224.000000 128.000000) (60.000000 -224.000000 124.000000) 
4 4 8 (60.000000 -256.000000 -0.000000) (60.000000 -256.000000 124.000000) (60.000000 -224.000000 124.000000) (60.000000 -224.000000 0.000000) 
4 5 8 (8.000000 224.000000 124.000000) (8.000000 256.000000 124.000000) (60.000000 256.000000 124.000000) (60.000000 224.000000 124.000000) 
4 6 8 (8.000000 -208.000000 124.000000) (8.000000 208.000000 124.000000) (60.000000 208.000000 124.000000) (60.000000 -208.000000 124.000000) 
4 7 8 (8.000000 -256.000000 124.000000) (8.000000 -224.000000 124.000000) (60.000000 -224.000000 124.000000) (60.000000 -256.000000 124.000000) 
4 8 11 (8.000000 -20.000000 123.000000) (8.000000 -128.000000 123.000000) (8.000000 -128.000000 124.000000) (8.000000 -20.000000 124.000000) 
4 8 12 (8.000000 -192.000000 123.000000) (8.000000 -256.000000 123.000000) (8.000000 -256.000000 124.000000) (8.000000 -192.000000 124.000000) 
4 8 10 (8.000000 128.000000 123.000000) (8.000000 44.000000 123.000000) (8.000000 44.000000 124.000000) (8.000000 128.000000 124.000000) 
4 8 9 (8.000000 256.000000 124.000000) (8.000000 256.000000 123.000000) (8.000000 192.000000 123.000000) (8.000000 192.000000 124.000000) 
4 8 13 (8.000000 256.000000 123.000000) (8.000000 256.000000 0.000000) (8.000000 -256.000000 0.000000) (8.000000 -256.000000 123.000000) 
4 9 16 (-8.000000 192.000000 124.000000) (-8.000000 208.000000 124.000000) (-8.000000 208.000000 123.000000) (-8.000000 192.000000 123.000000) 
4 9 15 (-8.000000 208.000000 124.000000) (-8.000000 224.000000 124.000000) (-8.000000 224.000000 123.000000) (-8.000000 208.000000 123.000000) 
4 9 14 (-8.000000 224.000000 124.000000) (-8.000000 256.000000 124.000000) (-8.000000 256.000000 123.000000) (-8.000000 224.000000 123.000000) 
4 9 13 (-8.000000 192.000000 123.000000) (-8.000000 256.000000 123.000000) (8.000000 256.000000 123.000000) (8.000000 192.000000 123.000000) 
4 10 16 (-8.000000 44.000000 124.000000) (-8.000000 128.000000 124.000000) (-8.000000 128.000000 123.000000) (-8.000000 44.000000 123.000000) 
4 10 13 (-8.000000 44.000000 123.000000) (-8.000000 128.000000 123.000000) (8.000000 128.000000 123.000000) (8.000000 44.000000 123.000000) 
4 11 16 (-8.000000 -128.000000 124.000000) (-8.000000 -20.000000 124.000000) (-8.000000 -20.000000 123.000000) (-8.000000 -128.000000 123.000000) 
4 11 13 (-8.000000 -128.000000 123.000000) (-8.000000 -20.000000 123.000000) (8.000000 -20.000000 123.000000) (8.000000 -128.000000 123.000000) 
4 12 17 (-8.000000 -224.000000 124.000000) (-8.000000 -208.000000 124.000000) (-8.000000 -208.000000 123.000000) (-8.000000 -224.000000 123.000000) 
4 12 16 (-8.000000 -208.000000 124.000000) (-8.000000 -192.000000 124.000000) (-8.000000 -192.000000 123.000000) (-8.000000 -208.000000 123.000000) 
4 12 18 (-8.000000 -256.000000 123.000000) (-8.000000 -256.000000 124.000000) (-8.000000 -224.000000 124.000000) (-8.000000 -224.000000 123.000000) 
4 12 13 (8.000000 -256.000000 123.000000) (-8.000000 -256.000000 123.000000) (-8.000000 -192.000000 123.000000) (8.000000 -192.000000 123.000000) 
4 13 17 (-8.000000 -224.000000 123.000000) (-8.000000 -208.000000 123.000000) (-8.000000 -208.000000 0.000000) (-8.000000 -224.000000 0.000000) 
4 13 16 (-8.000000 -208.000000 123.000000) (-8.000000 208.000000 123.000000) (-8.000000 208.000000 0.000000) (-8.000000 -208.000000 0.000000) 
4 13 18 (-8.000000 -256.000000 -0.000000) (-8.000000 -256.000000 123.000000) (-8.000000 -224.000000 123.000000) (-8.000000 -224.000000 0.000000) 
4 13 15 (-8.000000 208.000000 123.000000) (-8.000000 224.000000 123.000000) (-8.000000 224.000000 0.000000) (-8.000000 208.000000 0.000000) 
4 13 14 (-8.000000 224.000000 123.000000) (-8.000000 256.000000 123.000000) (-8.000000 256.000000 -0.000000) (-8.000000 224.000000 0.000000) 
4 14 15 (-60.000000 224.000000 0.000000) (-8.000000 224.000000 -0.000000) (-8.000000 224.000000 124.000000) (-60.000000 224.000000 124.000000) 
4 15 16 (-60.000000 208.000000 0.000000) (-8.000000 208.000000 0.000000) (-8.000000 208.000000 124.000000) (-60.000000 208.000000 124.000000) 
4 16 17 (-60.000000 -208.000000 0.000000) (-8.000000 -208.000000 0.000000) (-8.000000 -208.000000 124.000000) (-60.000000 -208.000000 124.000000) 
4 17 18 (-60.000000 -224.000000 0.000000) (-8.000000 -224.000000 -0.000000) (-8.000000 -224.000000 124.000000) (-60.000000 -224.000000 124.000000) 
