  bmodels.cpp
C:\Users\pc gamer\Desktop\Complex\AkkoXMind\codesrc\dlls\util.h(254,14): warning C4091: 'typedef ': ignorado à esquerda de '<unnamed-enum-point_hull>' quando nenhuma variável é declarada
  (compilando o arquivo fonte 'bmodels.cpp')
  
C:\Users\pc gamer\Desktop\Complex\AkkoXMind\codesrc\dlls\bmodels.cpp(573,11): error C2668: 'abs': chamada ambígua a função sobrecarregada
      C:\Program Files (x86)\Windows Kits\10\Include\10.0.26100.0\ucrt\stdlib.h(368,22):
      poderia ser '__int64 abs(const __int64) throw()'
      C:\Program Files (x86)\Windows Kits\10\Include\10.0.26100.0\ucrt\stdlib.h(363,17):
      ou       'long abs(const long) throw()'
      C:\Program Files (x86)\Windows Kits\10\Include\10.0.26100.0\ucrt\stdlib.h(293,34):
      ou       'int abs(int)'
      C:\Users\pc gamer\Desktop\Complex\AkkoXMind\codesrc\dlls\bmodels.cpp(573,11):
      ao tentar corresponder a lista de argumentos '(vec_t)'
  
C:\Users\pc gamer\Desktop\Complex\AkkoXMind\codesrc\dlls\bmodels.cpp(579,13): error C2668: 'abs': chamada ambígua a função sobrecarregada
      C:\Program Files (x86)\Windows Kits\10\Include\10.0.26100.0\ucrt\stdlib.h(368,22):
      poderia ser '__int64 abs(const __int64) throw()'
      C:\Program Files (x86)\Windows Kits\10\Include\10.0.26100.0\ucrt\stdlib.h(363,17):
      ou       'long abs(const long) throw()'
      C:\Program Files (x86)\Windows Kits\10\Include\10.0.26100.0\ucrt\stdlib.h(293,34):
      ou       'int abs(int)'
      C:\Users\pc gamer\Desktop\Complex\AkkoXMind\codesrc\dlls\bmodels.cpp(579,13):
      ao tentar corresponder a lista de argumentos '(vec_t)'
  
C:\Users\pc gamer\Desktop\Complex\AkkoXMind\codesrc\dlls\bmodels.cpp(615,7): error C2668: 'abs': chamada ambígua a função sobrecarregada
      C:\Program Files (x86)\Windows Kits\10\Include\10.0.26100.0\ucrt\stdlib.h(368,22):
      poderia ser '__int64 abs(const __int64) throw()'
      C:\Program Files (x86)\Windows Kits\10\Include\10.0.26100.0\ucrt\stdlib.h(363,17):
      ou       'long abs(const long) throw()'
      C:\Program Files (x86)\Windows Kits\10\Include\10.0.26100.0\ucrt\stdlib.h(293,34):
      ou       'int abs(int)'
      C:\Users\pc gamer\Desktop\Complex\AkkoXMind\codesrc\dlls\bmodels.cpp(615,7):
      ao tentar corresponder a lista de argumentos '(vec_t)'
  
C:\Users\pc gamer\Desktop\Complex\AkkoXMind\codesrc\dlls\bmodels.cpp(615,25): error C2668: 'abs': chamada ambígua a função sobrecarregada
      C:\Program Files (x86)\Windows Kits\10\Include\10.0.26100.0\ucrt\stdlib.h(368,22):
      poderia ser '__int64 abs(const __int64) throw()'
      C:\Program Files (x86)\Windows Kits\10\Include\10.0.26100.0\ucrt\stdlib.h(363,17):
      ou       'long abs(const long) throw()'
      C:\Program Files (x86)\Windows Kits\10\Include\10.0.26100.0\ucrt\stdlib.h(293,34):
      ou       'int abs(int)'
      C:\Users\pc gamer\Desktop\Complex\AkkoXMind\codesrc\dlls\bmodels.cpp(615,25):
      ao tentar corresponder a lista de argumentos '(vec_t)'
  
C:\Users\pc gamer\Desktop\Complex\AkkoXMind\codesrc\dlls\bmodels.cpp(616,4): error C2668: 'abs': chamada ambígua a função sobrecarregada
      C:\Program Files (x86)\Windows Kits\10\Include\10.0.26100.0\ucrt\stdlib.h(368,22):
      poderia ser '__int64 abs(const __int64) throw()'
      C:\Program Files (x86)\Windows Kits\10\Include\10.0.26100.0\ucrt\stdlib.h(363,17):
      ou       'long abs(const long) throw()'
      C:\Program Files (x86)\Windows Kits\10\Include\10.0.26100.0\ucrt\stdlib.h(293,34):
      ou       'int abs(int)'
      C:\Users\pc gamer\Desktop\Complex\AkkoXMind\codesrc\dlls\bmodels.cpp(616,4):
      ao tentar corresponder a lista de argumentos '(vec_t)'
  
C:\Users\pc gamer\Desktop\Complex\AkkoXMind\codesrc\dlls\bmodels.cpp(616,22): error C2668: 'abs': chamada ambígua a função sobrecarregada
      C:\Program Files (x86)\Windows Kits\10\Include\10.0.26100.0\ucrt\stdlib.h(368,22):
      poderia ser '__int64 abs(const __int64) throw()'
      C:\Program Files (x86)\Windows Kits\10\Include\10.0.26100.0\ucrt\stdlib.h(363,17):
      ou       'long abs(const long) throw()'
      C:\Program Files (x86)\Windows Kits\10\Include\10.0.26100.0\ucrt\stdlib.h(293,34):
      ou       'int abs(int)'
      C:\Users\pc gamer\Desktop\Complex\AkkoXMind\codesrc\dlls\bmodels.cpp(616,22):
      ao tentar corresponder a lista de argumentos '(vec_t)'
  
C:\Users\pc gamer\Desktop\Complex\AkkoXMind\codesrc\dlls\bmodels.cpp(617,4): error C2668: 'abs': chamada ambígua a função sobrecarregada
      C:\Program Files (x86)\Windows Kits\10\Include\10.0.26100.0\ucrt\stdlib.h(368,22):
      poderia ser '__int64 abs(const __int64) throw()'
      C:\Program Files (x86)\Windows Kits\10\Include\10.0.26100.0\ucrt\stdlib.h(363,17):
      ou       'long abs(const long) throw()'
      C:\Program Files (x86)\Windows Kits\10\Include\10.0.26100.0\ucrt\stdlib.h(293,34):
      ou       'int abs(int)'
      C:\Users\pc gamer\Desktop\Complex\AkkoXMind\codesrc\dlls\bmodels.cpp(617,4):
      ao tentar corresponder a lista de argumentos '(vec_t)'
  
C:\Users\pc gamer\Desktop\Complex\AkkoXMind\codesrc\dlls\bmodels.cpp(617,22): error C2668: 'abs': chamada ambígua a função sobrecarregada
      C:\Program Files (x86)\Windows Kits\10\Include\10.0.26100.0\ucrt\stdlib.h(368,22):
      poderia ser '__int64 abs(const __int64) throw()'
      C:\Program Files (x86)\Windows Kits\10\Include\10.0.26100.0\ucrt\stdlib.h(363,17):
      ou       'long abs(const long) throw()'
      C:\Program Files (x86)\Windows Kits\10\Include\10.0.26100.0\ucrt\stdlib.h(293,34):
      ou       'int abs(int)'
      C:\Users\pc gamer\Desktop\Complex\AkkoXMind\codesrc\dlls\bmodels.cpp(617,22):
      ao tentar corresponder a lista de argumentos '(vec_t)'
  
  func_break.cpp
C:\Users\pc gamer\Desktop\Complex\AkkoXMind\codesrc\dlls\util.h(254,14): warning C4091: 'typedef ': ignorado à esquerda de '<unnamed-enum-point_hull>' quando nenhuma variável é declarada
  (compilando o arquivo fonte 'func_break.cpp')
  
C:\Users\pc gamer\Desktop\Complex\AkkoXMind\codesrc\dlls\func_break.cpp(599,36): error C2668: 'abs': chamada ambígua a função sobrecarregada
      C:\Program Files (x86)\Windows Kits\10\Include\10.0.26100.0\ucrt\stdlib.h(368,22):
      poderia ser '__int64 abs(const __int64) throw()'
      C:\Program Files (x86)\Windows Kits\10\Include\10.0.26100.0\ucrt\stdlib.h(363,17):
      ou       'long abs(const long) throw()'
      C:\Program Files (x86)\Windows Kits\10\Include\10.0.26100.0\ucrt\stdlib.h(293,34):
      ou       'int abs(int)'
      C:\Users\pc gamer\Desktop\Complex\AkkoXMind\codesrc\dlls\func_break.cpp(599,36):
      ao tentar corresponder a lista de argumentos '(float)'
  
  hl_wpn_glock.cpp
C:\Users\pc gamer\Desktop\Complex\AkkoXMind\codesrc\dlls\util.h(254,14): warning C4091: 'typedef ': ignorado à esquerda de '<unnamed-enum-point_hull>' quando nenhuma variável é declarada
  (compilando o arquivo fonte 'wpn_shared/hl_wpn_glock.cpp')
  
C:\Users\pc gamer\Desktop\Complex\AkkoXMind\codesrc\dlls\wpn_shared\hl_wpn_glock.cpp(37,1): error C2065: 'CGlock': identificador não declarado
C:\Users\pc gamer\Desktop\Complex\AkkoXMind\codesrc\dlls\wpn_shared\hl_wpn_glock.cpp(37,1): error C2059: erro de sintaxe: ')'
C:\Users\pc gamer\Desktop\Complex\AkkoXMind\codesrc\dlls\wpn_shared\hl_wpn_glock.cpp(38,1): error C2065: 'CGlock': identificador não declarado
C:\Users\pc gamer\Desktop\Complex\AkkoXMind\codesrc\dlls\wpn_shared\hl_wpn_glock.cpp(38,1): error C2059: erro de sintaxe: ')'
C:\Users\pc gamer\Desktop\Complex\AkkoXMind\codesrc\dlls\wpn_shared\hl_wpn_glock.cpp(41,6): error C2653: 'CGlock': não é um nome de classe ou de namespace
C:\Users\pc gamer\Desktop\Complex\AkkoXMind\codesrc\dlls\wpn_shared\hl_wpn_glock.cpp(43,2): error C2065: 'pev': identificador não declarado
C:\Users\pc gamer\Desktop\Complex\AkkoXMind\codesrc\dlls\wpn_shared\hl_wpn_glock.cpp(44,2): error C3861: 'Precache': identificador não encontrado
C:\Users\pc gamer\Desktop\Complex\AkkoXMind\codesrc\dlls\wpn_shared\hl_wpn_glock.cpp(45,2): error C2065: 'm_iId': identificador não declarado
C:\Users\pc gamer\Desktop\Complex\AkkoXMind\codesrc\dlls\wpn_shared\hl_wpn_glock.cpp(46,16): error C2065: 'pev': identificador não declarado
C:\Users\pc gamer\Desktop\Complex\AkkoXMind\codesrc\dlls\wpn_shared\hl_wpn_glock.cpp(48,2): error C2065: 'm_iDefaultAmmo': identificador não declarado
C:\Users\pc gamer\Desktop\Complex\AkkoXMind\codesrc\dlls\wpn_shared\hl_wpn_glock.cpp(50,2): error C3861: 'FallInit': identificador não encontrado
C:\Users\pc gamer\Desktop\Complex\AkkoXMind\codesrc\dlls\wpn_shared\hl_wpn_glock.cpp(54,6): error C2653: 'CGlock': não é um nome de classe ou de namespace
C:\Users\pc gamer\Desktop\Complex\AkkoXMind\codesrc\dlls\wpn_shared\hl_wpn_glock.cpp(60,2): error C2065: 'm_iShell': identificador não declarado
C:\Users\pc gamer\Desktop\Complex\AkkoXMind\codesrc\dlls\wpn_shared\hl_wpn_glock.cpp(69,2): error C2065: 'm_usFireGlock1': identificador não declarado
C:\Users\pc gamer\Desktop\Complex\AkkoXMind\codesrc\dlls\wpn_shared\hl_wpn_glock.cpp(70,2): error C2065: 'm_usFireGlock2': identificador não declarado
C:\Users\pc gamer\Desktop\Complex\AkkoXMind\codesrc\dlls\wpn_shared\hl_wpn_glock.cpp(73,5): error C2653: 'CGlock': não é um nome de classe ou de namespace
C:\Users\pc gamer\Desktop\Complex\AkkoXMind\codesrc\dlls\wpn_shared\hl_wpn_glock.cpp(75,15): error C2065: 'pev': identificador não declarado
C:\Users\pc gamer\Desktop\Complex\AkkoXMind\codesrc\dlls\wpn_shared\hl_wpn_glock.cpp(84,11): error C2065: 'm_iId': identificador não declarado
C:\Users\pc gamer\Desktop\Complex\AkkoXMind\codesrc\dlls\wpn_shared\hl_wpn_glock.cpp(90,6): error C2653: 'CGlock': não é um nome de classe ou de namespace
C:\Users\pc gamer\Desktop\Complex\AkkoXMind\codesrc\dlls\wpn_shared\hl_wpn_glock.cpp(93,9): error C3861: 'DefaultDeploy': identificador não encontrado
C:\Users\pc gamer\Desktop\Complex\AkkoXMind\codesrc\dlls\wpn_shared\hl_wpn_glock.cpp(96,6): error C2653: 'CGlock': não é um nome de classe ou de namespace
C:\Users\pc gamer\Desktop\Complex\AkkoXMind\codesrc\dlls\wpn_shared\hl_wpn_glock.cpp(98,2): error C3861: 'GlockFire': identificador não encontrado
C:\Users\pc gamer\Desktop\Complex\AkkoXMind\codesrc\dlls\wpn_shared\hl_wpn_glock.cpp(101,6): error C2653: 'CGlock': não é um nome de classe ou de namespace
C:\Users\pc gamer\Desktop\Complex\AkkoXMind\codesrc\dlls\wpn_shared\hl_wpn_glock.cpp(103,2): error C3861: 'GlockFire': identificador não encontrado
C:\Users\pc gamer\Desktop\Complex\AkkoXMind\codesrc\dlls\wpn_shared\hl_wpn_glock.cpp(106,6): error C2653: 'CGlock': não é um nome de classe ou de namespace
C:\Users\pc gamer\Desktop\Complex\AkkoXMind\codesrc\dlls\wpn_shared\hl_wpn_glock.cpp(108,6): error C2065: 'm_iClip': identificador não declarado
C:\Users\pc gamer\Desktop\Complex\AkkoXMind\codesrc\dlls\wpn_shared\hl_wpn_glock.cpp(110,7): error C2065: 'm_fFireOnEmpty': identificador não declarado
C:\Users\pc gamer\Desktop\Complex\AkkoXMind\codesrc\dlls\wpn_shared\hl_wpn_glock.cpp(112,4): error C3861: 'PlayEmptySound': identificador não encontrado
C:\Users\pc gamer\Desktop\Complex\AkkoXMind\codesrc\dlls\wpn_shared\hl_wpn_glock.cpp(113,4): error C2065: 'm_flNextPrimaryAttack': identificador não declarado
C:\Users\pc gamer\Desktop\Complex\AkkoXMind\codesrc\dlls\wpn_shared\hl_wpn_glock.cpp(119,2): error C2065: 'm_iClip': identificador não declarado
C:\Users\pc gamer\Desktop\Complex\AkkoXMind\codesrc\dlls\wpn_shared\hl_wpn_glock.cpp(121,2): error C2065: 'm_pPlayer': identificador não declarado
C:\Users\pc gamer\Desktop\Complex\AkkoXMind\codesrc\dlls\wpn_shared\hl_wpn_glock.cpp(121,34): error C2065: 'm_pPlayer': identificador não declarado
C:\Users\pc gamer\Desktop\Complex\AkkoXMind\codesrc\dlls\wpn_shared\hl_wpn_glock.cpp(132,2): error C2065: 'm_pPlayer': identificador não declarado
C:\Users\pc gamer\Desktop\Complex\AkkoXMind\codesrc\dlls\wpn_shared\hl_wpn_glock.cpp(135,6): error C2065: 'pev': identificador não declarado
C:\Users\pc gamer\Desktop\Complex\AkkoXMind\codesrc\dlls\wpn_shared\hl_wpn_glock.cpp(137,3): error C2065: 'm_pPlayer': identificador não declarado
C:\Users\pc gamer\Desktop\Complex\AkkoXMind\codesrc\dlls\wpn_shared\hl_wpn_glock.cpp(138,3): error C2065: 'm_pPlayer': identificador não declarado
C:\Users\pc gamer\Desktop\Complex\AkkoXMind\codesrc\dlls\wpn_shared\hl_wpn_glock.cpp(143,3): error C2065: 'm_pPlayer': identificador não declarado
C:\Users\pc gamer\Desktop\Complex\AkkoXMind\codesrc\dlls\wpn_shared\hl_wpn_glock.cpp(144,3): error C2065: 'm_pPlayer': identificador não declarado
C:\Users\pc gamer\Desktop\Complex\AkkoXMind\codesrc\dlls\wpn_shared\hl_wpn_glock.cpp(147,19): error C2065: 'm_pPlayer': identificador não declarado
C:\Users\pc gamer\Desktop\Complex\AkkoXMind\codesrc\dlls\wpn_shared\hl_wpn_glock.cpp(152,15): error C2065: 'm_pPlayer': identificador não declarado
C:\Users\pc gamer\Desktop\Complex\AkkoXMind\codesrc\dlls\wpn_shared\hl_wpn_glock.cpp(160,11): error C2065: 'm_pPlayer': identificador não declarado
C:\Users\pc gamer\Desktop\Complex\AkkoXMind\codesrc\dlls\wpn_shared\hl_wpn_glock.cpp(160,134): error C2065: 'm_pPlayer': identificador não declarado
C:\Users\pc gamer\Desktop\Complex\AkkoXMind\codesrc\dlls\wpn_shared\hl_wpn_glock.cpp(160,150): error C2065: 'm_pPlayer': identificador não declarado
C:\Users\pc gamer\Desktop\Complex\AkkoXMind\codesrc\dlls\wpn_shared\hl_wpn_glock.cpp(162,30): error C2065: 'm_pPlayer': identificador não declarado
C:\Users\pc gamer\Desktop\Complex\AkkoXMind\codesrc\dlls\wpn_shared\hl_wpn_glock.cpp(162,64): error C2065: 'm_usFireGlock1': identificador não declarado
C:\Users\pc gamer\Desktop\Complex\AkkoXMind\codesrc\dlls\wpn_shared\hl_wpn_glock.cpp(162,81): error C2065: 'm_usFireGlock2': identificador não declarado
C:\Users\pc gamer\Desktop\Complex\AkkoXMind\codesrc\dlls\wpn_shared\hl_wpn_glock.cpp(162,172): error C2065: 'm_iClip': identificador não declarado
C:\Users\pc gamer\Desktop\Complex\AkkoXMind\codesrc\dlls\wpn_shared\hl_wpn_glock.cpp(162,2): error C2198: 'void (__cdecl *)(int,const edict_t *,unsigned short,float,float *,float *,float,float,int,int,int,int)': poucos argumentos para chamada
C:\Users\pc gamer\Desktop\Complex\AkkoXMind\codesrc\dlls\wpn_shared\hl_wpn_glock.cpp(164,2): error C2065: 'm_flNextPrimaryAttack': identificador não declarado
C:\Users\pc gamer\Desktop\Complex\AkkoXMind\codesrc\dlls\wpn_shared\hl_wpn_glock.cpp(164,26): error C2065: 'm_flNextSecondaryAttack': identificador não declarado
C:\Users\pc gamer\Desktop\Complex\AkkoXMind\codesrc\dlls\wpn_shared\hl_wpn_glock.cpp(166,7): error C2065: 'm_iClip': identificador não declarado
C:\Users\pc gamer\Desktop\Complex\AkkoXMind\codesrc\dlls\wpn_shared\hl_wpn_glock.cpp(166,18): error C2065: 'm_pPlayer': identificador não declarado
C:\Users\pc gamer\Desktop\Complex\AkkoXMind\codesrc\dlls\wpn_shared\hl_wpn_glock.cpp(166,38): error C2065: 'm_iPrimaryAmmoType': identificador não declarado
C:\Users\pc gamer\Desktop\Complex\AkkoXMind\codesrc\dlls\wpn_shared\hl_wpn_glock.cpp(168,3): error C2065: 'm_pPlayer': identificador não declarado
C:\Users\pc gamer\Desktop\Complex\AkkoXMind\codesrc\dlls\wpn_shared\hl_wpn_glock.cpp(170,2): error C2065: 'm_flTimeWeaponIdle': identificador não declarado
C:\Users\pc gamer\Desktop\Complex\AkkoXMind\codesrc\dlls\wpn_shared\hl_wpn_glock.cpp(170,71): error C2065: 'm_pPlayer': identificador não declarado
C:\Users\pc gamer\Desktop\Complex\AkkoXMind\codesrc\dlls\wpn_shared\hl_wpn_glock.cpp(174,6): error C2653: 'CGlock': não é um nome de classe ou de namespace
C:\Users\pc gamer\Desktop\Complex\AkkoXMind\codesrc\dlls\wpn_shared\hl_wpn_glock.cpp(176,7): error C2065: 'm_pPlayer': identificador não declarado
C:\Users\pc gamer\Desktop\Complex\AkkoXMind\codesrc\dlls\wpn_shared\hl_wpn_glock.cpp(181,6): error C2065: 'm_iClip': identificador não declarado
C:\Users\pc gamer\Desktop\Complex\AkkoXMind\codesrc\dlls\wpn_shared\hl_wpn_glock.cpp(182,13): error C3861: 'DefaultReload': identificador não encontrado
C:\Users\pc gamer\Desktop\Complex\AkkoXMind\codesrc\dlls\wpn_shared\hl_wpn_glock.cpp(184,13): error C3861: 'DefaultReload': identificador não encontrado
C:\Users\pc gamer\Desktop\Complex\AkkoXMind\codesrc\dlls\wpn_shared\hl_wpn_glock.cpp(188,3): error C2065: 'm_flTimeWeaponIdle': identificador não declarado
C:\Users\pc gamer\Desktop\Complex\AkkoXMind\codesrc\dlls\wpn_shared\hl_wpn_glock.cpp(188,72): error C2065: 'm_pPlayer': identificador não declarado
C:\Users\pc gamer\Desktop\Complex\AkkoXMind\codesrc\dlls\wpn_shared\hl_wpn_glock.cpp(194,6): error C2653: 'CGlock': não é um nome de classe ou de namespace
C:\Users\pc gamer\Desktop\Complex\AkkoXMind\codesrc\dlls\wpn_shared\hl_wpn_glock.cpp(196,2): error C3861: 'ResetEmptySound': identificador não encontrado
C:\Users\pc gamer\Desktop\Complex\AkkoXMind\codesrc\dlls\wpn_shared\hl_wpn_glock.cpp(198,2): error C2065: 'm_pPlayer': identificador não declarado
C:\Users\pc gamer\Desktop\Complex\AkkoXMind\codesrc\dlls\wpn_shared\hl_wpn_glock.cpp(200,7): error C2065: 'm_flTimeWeaponIdle': identificador não declarado
C:\Users\pc gamer\Desktop\Complex\AkkoXMind\codesrc\dlls\wpn_shared\hl_wpn_glock.cpp(204,6): error C2065: 'm_iClip': identificador não declarado
C:\Users\pc gamer\Desktop\Complex\AkkoXMind\codesrc\dlls\wpn_shared\hl_wpn_glock.cpp(207,42): error C2065: 'm_pPlayer': identificador não declarado
C:\Users\pc gamer\Desktop\Complex\AkkoXMind\codesrc\dlls\wpn_shared\hl_wpn_glock.cpp(212,4): error C2065: 'm_flTimeWeaponIdle': identificador não declarado
C:\Users\pc gamer\Desktop\Complex\AkkoXMind\codesrc\dlls\wpn_shared\hl_wpn_glock.cpp(217,4): error C2065: 'm_flTimeWeaponIdle': identificador não declarado
C:\Users\pc gamer\Desktop\Complex\AkkoXMind\codesrc\dlls\wpn_shared\hl_wpn_glock.cpp(222,4): error C2065: 'm_flTimeWeaponIdle': identificador não declarado
C:\Users\pc gamer\Desktop\Complex\AkkoXMind\codesrc\dlls\wpn_shared\hl_wpn_glock.cpp(224,3): error C3861: 'SendWeaponAnim': identificador não encontrado
  lights.cpp
C:\Users\pc gamer\Desktop\Complex\AkkoXMind\codesrc\dlls\util.h(254,14): warning C4091: 'typedef ': ignorado à esquerda de '<unnamed-enum-point_hull>' quando nenhuma variável é declarada
  (compilando o arquivo fonte 'lights.cpp')
  
C:\Users\pc gamer\Desktop\Complex\AkkoXMind\codesrc\dlls\lights.cpp(54,7): error C2086: 'int CLight::m_iszPattern': redefinição
  plats.cpp
C:\Users\pc gamer\Desktop\Complex\AkkoXMind\codesrc\dlls\util.h(254,14): warning C4091: 'typedef ': ignorado à esquerda de '<unnamed-enum-point_hull>' quando nenhuma variável é declarada
  (compilando o arquivo fonte 'plats.cpp')
  
C:\Users\pc gamer\Desktop\Complex\AkkoXMind\codesrc\dlls\plats.cpp(1129,32): error C2668: 'abs': chamada ambígua a função sobrecarregada
      C:\Program Files (x86)\Windows Kits\10\Include\10.0.26100.0\ucrt\stdlib.h(368,22):
      poderia ser '__int64 abs(const __int64) throw()'
      C:\Program Files (x86)\Windows Kits\10\Include\10.0.26100.0\ucrt\stdlib.h(363,17):
      ou       'long abs(const long) throw()'
      C:\Program Files (x86)\Windows Kits\10\Include\10.0.26100.0\ucrt\stdlib.h(293,34):
      ou       'int abs(int)'
      C:\Users\pc gamer\Desktop\Complex\AkkoXMind\codesrc\dlls\plats.cpp(1129,32):
      ao tentar corresponder a lista de argumentos '(float)'
  
  player.cpp
C:\Users\pc gamer\Desktop\Complex\AkkoXMind\codesrc\dlls\util.h(254,14): warning C4091: 'typedef ': ignorado à esquerda de '<unnamed-enum-point_hull>' quando nenhuma variável é declarada
  (compilando o arquivo fonte 'player.cpp')
  
C:\Users\pc gamer\Desktop\Complex\AkkoXMind\codesrc\dlls\player.cpp(2007,6): error C2668: 'abs': chamada ambígua a função sobrecarregada
      C:\Program Files (x86)\Windows Kits\10\Include\10.0.26100.0\ucrt\stdlib.h(368,22):
      poderia ser '__int64 abs(const __int64) throw()'
      C:\Program Files (x86)\Windows Kits\10\Include\10.0.26100.0\ucrt\stdlib.h(363,17):
      ou       'long abs(const long) throw()'
      C:\Program Files (x86)\Windows Kits\10\Include\10.0.26100.0\ucrt\stdlib.h(293,34):
      ou       'int abs(int)'
      C:\Users\pc gamer\Desktop\Complex\AkkoXMind\codesrc\dlls\player.cpp(2007,6):
      ao tentar corresponder a lista de argumentos '(float)'
  
  roach.cpp
C:\Users\pc gamer\Desktop\Complex\AkkoXMind\codesrc\dlls\util.h(254,14): warning C4091: 'typedef ': ignorado à esquerda de '<unnamed-enum-point_hull>' quando nenhuma variável é declarada
  (compilando o arquivo fonte 'roach.cpp')
  
C:\Users\pc gamer\Desktop\Complex\AkkoXMind\codesrc\dlls\roach.cpp(265,21): error C2668: 'abs': chamada ambígua a função sobrecarregada
      C:\Program Files (x86)\Windows Kits\10\Include\10.0.26100.0\ucrt\stdlib.h(368,22):
      poderia ser '__int64 abs(const __int64) throw()'
      C:\Program Files (x86)\Windows Kits\10\Include\10.0.26100.0\ucrt\stdlib.h(363,17):
      ou       'long abs(const long) throw()'
      C:\Program Files (x86)\Windows Kits\10\Include\10.0.26100.0\ucrt\stdlib.h(293,34):
      ou       'int abs(int)'
      C:\Users\pc gamer\Desktop\Complex\AkkoXMind\codesrc\dlls\roach.cpp(265,21):
      ao tentar corresponder a lista de argumentos '(vec_t)'
  
